2025-10-10 11:32:01, 제주특별자치도 제주시 애월읍 광령리, 한라산
2025-10-10 11:32:01, 충청남도 천안시 동남구 삼룡동, 천안삼거리공원
2025-10-11 11:32:01, 제주특별자치도 제주시 조천읍 함덕리, 함덕 해수욕장
2025-10-11 11:32:01, 제주특별자치도 서귀포시 성산읍 성산리, 성산일출봉
2025-10-11 11:32:01, 충청남도 천안시 동남구 병천면 탑원리, 유관순 열사 유적지
2025-10-12 11:32:01, 충청남도 천안시 동남구 목천읍 남화리, 독립기념관
2025-10-12 11:32:01, 충청남도 천안시 동남구 신부동, 아라리오 조각광장
2025-10-12 11:32:01, 제주특별자치도 서귀포시 성산읍 고성리, 섭지코지
2025-10-12 11:32:01, 제주특별자치도 제주시 구좌읍 월정리, 만장굴
2025-10-12 11:32:01, 충청남도 아산시 송악면 강당리, 광덕산
2025-10-12 11:32:05, 충청남도 천안시 동남구 목천읍 남화리, 독립기념관
2025-10-12 11:32:05, 충청남도 천안시 동남구 병천면 탑원리, 유관순 열사 유적지
2025-10-12 11:32:05, 충청남도 아산시 송악면 강당리, 광덕산
2025-10-12 11:32:05, 제주특별자치도 제주시 애월읍 광령리, 한라산
2025-10-12 11:32:05, 충청남도 천안시 동남구 삼룡동, 천안삼거리공원
2025-10-12 11:32:05, 제주특별자치도 제주시 조천읍 함덕리, 함덕 해수욕장
2025-10-13 11:32:05, 제주특별자치도 서귀포시 성산읍 성산리, 성산일출봉
2025-10-13 11:32:05, 충청남도 천안시 동남구 신부동, 아라리오 조각광장
2025-10-13 11:32:05, 제주특별자치도 제주시 구좌읍 월정리, 만장굴
2025-10-13 11:32:05, 제주특별자치도 서귀포시 성산읍 고성리, 섭지코지
2025-10-13 11:34:38, 충청남도 천안시 동남구 신부동, 아라리오 조각광장
2025-10-13 11:35:29, 충청남도 천안시 동남구 목천읍 남화리, 독립기념관
2025-10-13 11:35:35, 제주특별자치도 제주시 애월읍 광령리, 한라산
2025-10-13 11:35:37, 제주특별자치도 제주시 조천읍 함덕리, 함덕 해수욕장
2025-10-13 11:36:29, 제주특별자치도 제주시 조천읍 함덕리, 함덕 해수욕장
2025-10-13 11:36:31, 제주특별자치도 제주시 애월읍 광령리, 한라산
2025-10-13 11:36:31, 제주특별자치도 제주시 애월읍 광령리, 한라산
2025-10-13 11:36:33, 제주특별자치도 제주시 애월읍 광령리, 한라산
2025-10-13 11:36:34, 제주특별자치도 제주시 애월읍 광령리, 한라산
2025-10-13 11:36:34, 제주특별자치도 제주시 애월읍 광령리, 한라산
2025-10-13 11:36:34, 제주특별자치도 제주시 애월읍 광령리, 한라산
2025-10-13 11:36:34, 제주특별자치도 제주시 애월읍 광령리, 한라산
